SF:lib/app/shared/components/utils/analytics_util.dart
DA:8,0
DA:13,0
DA:14,0
DA:16,0
DA:21,0
DA:22,0
LF:6
LH:0
end_of_record
SF:lib/app/lyric/presentation/blocs/services_list_bloc.dart
DA:17,1
DA:22,2
DA:23,2
DA:24,2
DA:25,2
DA:26,2
DA:27,2
DA:30,1
DA:31,2
DA:33,2
DA:35,0
DA:39,1
DA:40,1
DA:41,3
DA:42,1
DA:43,2
DA:45,1
DA:46,2
DA:47,3
DA:48,3
DA:53,1
DA:54,1
DA:55,3
DA:56,1
DA:57,2
DA:59,1
DA:60,2
DA:61,3
DA:62,3
DA:67,0
DA:68,0
DA:71,0
DA:73,0
DA:81,0
DA:85,0
DA:89,1
DA:93,1
DA:97,1
DA:102,0
DA:109,0
DA:113,0
DA:117,1
DA:122,1
DA:127,1
LF:44
LH:34
end_of_record
SF:lib/app/lyric/presentation/view-models/lyrics_view_model.dart
DA:13,0
DA:20,0
DA:21,0
DA:24,0
DA:26,0
DA:27,0
DA:32,0
DA:33,0
DA:34,0
DA:38,0
DA:39,0
DA:40,0
DA:41,0
DA:42,0
DA:43,0
DA:44,0
DA:45,0
DA:51,0
DA:52,0
DA:53,0
DA:54,0
DA:56,0
DA:57,0
DA:59,0
DA:60,0
DA:62,0
DA:63,0
DA:65,0
DA:66,0
DA:69,0
DA:73,0
DA:75,0
DA:76,0
DA:78,0
DA:91,0
DA:96,0
DA:103,0
LF:37
LH:0
end_of_record
SF:lib/app/core/external/firestore_datasource.dart
DA:6,0
DA:14,0
DA:16,0
DA:17,0
DA:18,0
DA:19,0
DA:23,0
DA:25,0
DA:26,0
DA:27,0
DA:28,0
DA:29,0
DA:30,0
DA:32,0
DA:33,0
DA:34,0
DA:36,0
DA:39,0
DA:41,0
DA:42,0
DA:43,0
DA:48,0
DA:50,0
DA:51,0
DA:52,0
DA:53,0
DA:54,0
DA:55,0
DA:57,0
DA:61,0
DA:63,0
DA:64,0
DA:65,0
DA:66,0
DA:67,0
DA:69,0
DA:73,0
DA:75,0
LF:38
LH:0
end_of_record
SF:lib/app/core/external/hive_datasource.dart
DA:22,0
DA:23,0
DA:26,0
DA:27,0
DA:28,0
DA:29,0
DA:30,0
DA:31,0
DA:32,0
DA:35,0
DA:37,0
DA:38,0
DA:39,0
DA:40,0
DA:41,0
DA:42,0
DA:44,0
DA:45,0
DA:46,0
DA:47,0
DA:49,0
DA:50,0
DA:51,0
DA:53,0
DA:54,0
DA:55,0
DA:58,0
DA:61,0
DA:65,0
DA:68,0
DA:70,0
DA:71,0
DA:72,0
DA:73,0
DA:74,0
DA:77,0
DA:78,0
DA:79,0
DA:82,0
DA:83,0
DA:84,0
DA:87,0
DA:88,0
DA:93,0
DA:95,0
DA:96,0
LF:46
LH:0
end_of_record
SF:lib/app/core/infra/repositories/repository.dart
DA:5,1
DA:9,1
DA:11,2
DA:15,0
DA:17,0
DA:20,0
DA:22,0
DA:25,0
DA:27,0
LF:9
LH:3
end_of_record
SF:lib/app/lyric/domain/entities/lyric_entity.dart
DA:11,2
LF:1
LH:1
end_of_record
SF:lib/app/lyric/domain/entities/collection_entity.dart
DA:6,1
LF:1
LH:1
end_of_record
SF:lib/app/lyric/infra/models/firestore-dtos/services_dto.dart
DA:2,1
DA:16,0
LF:2
LH:1
end_of_record
SF:lib/app/lyric/infra/models/hive-dtos/hive_database_configs_dto.g.dart
DA:14,0
DA:16,0
DA:17,0
DA:18,0
DA:20,0
DA:21,0
DA:22,0
DA:23,0
DA:24,0
DA:25,0
DA:26,0
DA:30,0
DA:33,0
DA:34,0
DA:35,0
DA:36,0
DA:37,0
DA:38,0
DA:39,0
DA:40,0
DA:41,0
DA:42,0
DA:43,0
DA:44,0
DA:45,0
DA:48,0
DA:49,0
DA:51,0
DA:54,0
DA:55,0
DA:56,0
LF:31
LH:0
end_of_record
SF:lib/app/lyric/infra/models/hive-dtos/hive_database_configs_dto.dart
DA:26,0
DA:34,0
DA:35,0
DA:36,0
DA:37,0
DA:38,0
DA:39,0
DA:40,0
DA:44,0
DA:53,0
LF:10
LH:0
end_of_record
SF:lib/app/lyric/infra/models/hive-dtos/hive_lyric_dto.dart
DA:26,0
LF:1
LH:0
end_of_record
SF:lib/app/lyric/infra/models/hive-dtos/hive_lyric_dto.g.dart
DA:13,0
DA:15,0
DA:16,0
DA:17,0
DA:19,0
DA:20,0
DA:21,0
DA:22,0
DA:23,0
DA:24,0
DA:25,0
DA:29,0
DA:32,0
DA:33,0
DA:34,0
DA:35,0
DA:36,0
DA:37,0
DA:38,0
DA:39,0
DA:40,0
DA:41,0
DA:42,0
DA:43,0
DA:44,0
DA:47,0
DA:48,0
DA:50,0
DA:53,0
DA:54,0
DA:55,0
LF:31
LH:0
end_of_record
SF:lib/app/lyric/infra/models/hive-dtos/hive_verse_dto.dart
DA:16,0
LF:1
LH:0
end_of_record
SF:lib/app/lyric/infra/models/hive-dtos/hive_verse_dto.g.dart
DA:13,0
DA:15,0
DA:16,0
DA:17,0
DA:19,0
DA:20,0
DA:21,0
DA:22,0
DA:26,0
DA:29,0
DA:30,0
DA:31,0
DA:32,0
DA:33,0
DA:34,0
DA:35,0
DA:38,0
DA:39,0
DA:41,0
DA:44,0
DA:45,0
DA:46,0
LF:22
LH:0
end_of_record
SF:lib/app/lyric/infra/models/hive-dtos/hive_liturgy_dto.g.dart
DA:13,0
DA:15,0
DA:16,0
DA:17,0
DA:19,0
DA:20,0
DA:21,0
DA:22,0
DA:26,0
DA:29,0
DA:30,0
DA:31,0
DA:32,0
DA:33,0
DA:34,0
DA:35,0
DA:38,0
DA:39,0
DA:41,0
DA:44,0
DA:45,0
DA:46,0
LF:22
LH:0
end_of_record
SF:lib/app/lyric/infra/models/hive-dtos/hive_liturgy_dto.dart
DA:16,0
LF:1
LH:0
end_of_record
SF:lib/app/lyric/infra/models/hive-dtos/hive_services_dto.dart
DA:26,0
LF:1
LH:0
end_of_record
SF:lib/app/lyric/infra/models/hive-dtos/hive_services_dto.g.dart
DA:14,0
DA:16,0
DA:17,0
DA:18,0
DA:20,0
DA:21,0
DA:22,0
DA:23,0
DA:24,0
DA:25,0
DA:26,0
DA:30,0
DA:33,0
DA:34,0
DA:35,0
DA:36,0
DA:37,0
DA:38,0
DA:39,0
DA:40,0
DA:41,0
DA:42,0
DA:43,0
DA:44,0
DA:45,0
DA:48,0
DA:49,0
DA:51,0
DA:54,0
DA:55,0
DA:56,0
LF:31
LH:0
end_of_record
SF:lib/app/lyric/infra/models/hive-dtos/hive_collection_dto.dart
DA:45,0
LF:1
LH:0
end_of_record
SF:lib/app/lyric/infra/models/hive-dtos/hive_collection_dto.g.dart
DA:13,0
DA:15,0
DA:16,0
DA:17,0
DA:19,0
DA:20,0
DA:21,0
DA:22,0
DA:23,0
DA:24,0
DA:25,0
DA:26,0
DA:27,0
DA:28,0
DA:29,0
DA:30,0
DA:31,0
DA:35,0
DA:38,0
DA:39,0
DA:40,0
DA:41,0
DA:42,0
DA:43,0
DA:44,0
DA:45,0
DA:46,0
DA:47,0
DA:48,0
DA:49,0
DA:50,0
DA:51,0
DA:52,0
DA:53,0
DA:54,0
DA:55,0
DA:56,0
DA:57,0
DA:58,0
DA:59,0
DA:60,0
DA:61,0
DA:62,0
DA:65,0
DA:66,0
DA:68,0
DA:71,0
DA:72,0
DA:73,0
LF:49
LH:0
end_of_record
SF:lib/app/lyric/infra/adapters/hive-dtos/hive_lyric_adapter.dart
DA:6,0
DA:8,0
DA:9,0
DA:10,0
DA:11,0
DA:12,0
DA:13,0
DA:14,0
DA:16,0
DA:19,0
DA:20,0
DA:21,0
DA:22,0
DA:23,0
DA:24,0
DA:25,0
DA:26,0
DA:27,0
DA:28,0
DA:29,0
DA:30,0
DA:31,0
DA:39,0
DA:40,0
DA:41,0
DA:42,0
DA:43,0
DA:44,0
DA:45,0
DA:46,0
DA:50,0
DA:51,0
DA:52,0
DA:53,0
DA:54,0
DA:55,0
DA:56,0
DA:57,0
DA:58,0
DA:59,0
LF:40
LH:0
end_of_record
SF:lib/app/lyric/infra/adapters/hive-dtos/hive_services_adapter.dart
DA:5,0
DA:6,0
DA:7,0
DA:8,0
DA:9,0
DA:10,0
DA:11,0
DA:12,0
DA:16,0
DA:17,0
DA:18,0
DA:19,0
DA:20,0
DA:21,0
DA:22,0
DA:23,0
LF:16
LH:0
end_of_record
SF:lib/app/lyric/infra/adapters/hive-dtos/hive_collection_adapter.dart
DA:9,0
DA:10,0
DA:11,0
DA:12,0
DA:13,0
DA:14,0
DA:15,0
DA:16,0
DA:17,0
DA:18,0
DA:19,0
DA:20,0
DA:21,0
DA:22,0
DA:26,0
DA:27,0
DA:28,0
DA:29,0
DA:30,0
DA:31,0
DA:32,0
DA:33,0
DA:34,0
DA:35,0
DA:36,0
DA:37,0
DA:38,0
DA:39,0
LF:28
LH:0
end_of_record
SF:lib/app/lyric/domain/entities/liturgy_entity.dart
DA:6,0
LF:1
LH:0
end_of_record
SF:lib/app/lyric/domain/entities/verse_entity.dart
DA:6,2
LF:1
LH:1
end_of_record
SF:lib/app/lyric/infra/adapters/hive-dtos/hive_liturgy_adapter.dart
DA:5,0
DA:7,0
DA:8,0
DA:9,0
DA:10,0
DA:12,0
DA:15,0
DA:16,0
DA:17,0
DA:18,0
DA:19,0
DA:20,0
DA:21,0
DA:22,0
LF:14
LH:0
end_of_record
SF:lib/app/lyric/infra/adapters/hive-dtos/hive_verse_adapter.dart
DA:5,0
DA:7,0
DA:8,0
DA:9,0
DA:10,0
DA:12,0
DA:15,0
DA:16,0
DA:17,0
DA:18,0
DA:19,0
LF:11
LH:0
end_of_record
SF:lib/app/splash/presentation/blocs/database_bloc.dart
DA:15,0
DA:16,0
DA:17,0
DA:18,0
DA:21,0
DA:22,0
DA:23,0
DA:24,0
DA:25,0
DA:27,0
DA:28,0
DA:29,0
DA:30,0
DA:35,0
DA:36,0
DA:37,0
DA:45,0
DA:49,0
DA:54,0
DA:61,0
DA:65,0
DA:70,0
DA:75,0
DA:79,0
LF:24
LH:0
end_of_record
SF:lib/app/splash/infra/use-cases/databases_use_cases.dart
DA:7,0
DA:9,0
DA:11,0
DA:15,0
DA:17,0
DA:20,0
DA:22,0
LF:7
LH:0
end_of_record
SF:lib/app/lyric/infra/adapters/verse_adapter.dart
DA:4,2
DA:5,2
DA:6,8
DA:7,2
DA:8,2
DA:12,0
DA:14,0
DA:15,0
DA:16,0
DA:17,0
DA:19,0
LF:11
LH:5
end_of_record
SF:lib/app/lyric/infra/use-cases/services_use_cases.dart
DA:8,1
DA:10,1
DA:12,2
DA:14,1
DA:16,0
DA:19,0
DA:21,0
DA:24,0
DA:26,0
LF:9
LH:4
end_of_record
SF:lib/app/lyric/infra/adapters/services_adapter.dart
DA:4,1
DA:5,1
DA:6,2
DA:7,2
DA:8,1
DA:9,1
DA:10,1
DA:11,1
DA:12,1
DA:13,1
LF:10
LH:10
end_of_record
SF:lib/app/lyric/infra/use-cases/collection_use_cases.dart
DA:8,1
DA:10,1
DA:12,2
DA:14,1
DA:16,0
DA:19,0
DA:21,0
DA:24,0
DA:26,0
LF:9
LH:4
end_of_record
SF:lib/app/lyric/infra/adapters/lyric_adapter.dart
DA:9,2
DA:10,2
DA:11,4
DA:12,2
DA:13,2
DA:14,2
DA:15,2
DA:16,6
DA:17,0
DA:18,2
DA:19,6
DA:20,2
DA:21,2
DA:22,2
DA:23,2
DA:24,6
LF:16
LH:15
end_of_record
SF:lib/app/lyric/infra/use-cases/lyrics_use_cases.dart
DA:9,1
DA:11,1
DA:13,2
DA:15,1
DA:17,0
DA:20,0
DA:22,0
DA:24,0
DA:26,0
DA:29,0
DA:32,0
DA:33,0
DA:34,0
DA:35,0
DA:38,0
LF:15
LH:4
end_of_record
SF:lib/app/lyric/infra/adapters/collection_adapter.dart
DA:10,1
DA:11,1
DA:12,2
DA:13,1
DA:14,1
DA:15,1
DA:16,1
DA:17,2
DA:18,2
DA:19,3
DA:20,2
DA:21,0
DA:22,1
DA:23,1
DA:24,1
DA:25,1
DA:26,1
DA:27,1
DA:28,1
LF:19
LH:18
end_of_record
SF:lib/app/lyric/infra/adapters/liturgy_adapter.dart
DA:4,1
DA:5,1
DA:6,1
DA:7,0
DA:8,0
DA:9,0
DA:10,0
DA:11,0
DA:18,0
DA:20,0
DA:21,0
DA:22,0
DA:23,0
DA:25,0
LF:14
LH:3
end_of_record
SF:lib/app/lyric/presentation/blocs/services_collection_bloc.dart
DA:19,1
DA:24,2
DA:25,2
DA:26,2
DA:27,2
DA:28,2
DA:29,2
DA:31,1
DA:32,2
DA:33,2
DA:35,2
DA:37,0
DA:41,1
DA:43,1
DA:44,3
DA:45,1
DA:47,2
DA:49,1
DA:50,2
DA:51,3
DA:52,3
DA:57,1
DA:59,1
DA:60,4
DA:61,1
DA:62,2
DA:64,1
DA:65,2
DA:66,3
DA:67,3
DA:72,0
DA:73,0
DA:76,0
DA:78,0
DA:86,0
DA:90,0
DA:95,1
DA:99,1
DA:104,1
DA:109,0
DA:116,0
DA:120,0
DA:124,1
DA:129,1
DA:134,1
LF:45
LH:35
end_of_record
SF:lib/app/lyric/presentation/blocs/lyric_bloc.dart
DA:18,1
DA:23,2
DA:24,2
DA:25,2
DA:26,2
DA:27,2
DA:28,2
DA:29,2
DA:32,1
DA:33,2
DA:35,2
DA:37,0
DA:41,1
DA:42,1
DA:43,3
DA:44,1
DA:45,2
DA:47,1
DA:48,3
DA:49,2
DA:50,3
DA:55,1
DA:56,1
DA:57,3
DA:58,1
DA:59,2
DA:61,1
DA:62,2
DA:63,3
DA:64,3
DA:69,0
DA:70,0
DA:73,0
DA:74,0
DA:77,0
DA:78,0
DA:79,0
DA:87,0
DA:91,0
DA:95,1
DA:99,1
DA:103,1
DA:108,0
DA:114,0
DA:121,1
DA:125,0
DA:130,1
DA:134,0
DA:139,1
LF:49
LH:35
end_of_record
