SF:lib/app/events/views/events_list_view.dart
DA:5,4
DA:7,0
DA:9,0
DA:10,0
DA:17,0
DA:19,0
DA:20,0
DA:21,0
DA:22,0
DA:23,0
DA:24,0
DA:25,0
DA:26,0
DA:28,0
DA:29,0
DA:30,0
DA:32,0
DA:33,0
DA:38,0
DA:39,0
DA:40,0
DA:47,0
LF:22
LH:1
end_of_record
SF:lib/app/home/blocs/home_bloc.dart
DA:11,0
DA:12,0
DA:13,0
DA:14,0
DA:15,0
DA:18,0
DA:19,0
DA:21,0
DA:23,0
DA:27,0
DA:28,0
DA:29,0
DA:30,0
DA:31,0
DA:33,0
DA:34,0
DA:35,0
DA:40,0
DA:41,0
LF:19
LH:0
end_of_record
SF:lib/app/home/home_module.dart
DA:11,0
DA:12,0
DA:13,0
DA:14,0
DA:17,0
DA:19,0
DA:20,0
DA:21,0
DA:24,0
DA:25,0
DA:26,0
DA:28,0
DA:30,0
DA:33,0
DA:35,0
LF:15
LH:0
end_of_record
SF:lib/app/offers/controller/banner_controller.dart
DA:6,0
DA:7,0
DA:8,0
DA:11,0
DA:12,0
DA:13,0
LF:6
LH:0
end_of_record
SF:lib/app/home/views/init_view.dart
DA:15,2
DA:17,0
DA:18,0
DA:27,0
DA:29,0
DA:33,0
DA:34,0
DA:35,0
DA:42,0
DA:44,0
DA:46,0
DA:47,0
DA:48,0
DA:49,0
DA:50,0
DA:51,0
DA:52,0
DA:64,0
DA:65,0
DA:66,0
DA:67,0
DA:68,0
DA:69,0
DA:70,0
DA:71,0
DA:72,0
DA:84,2
DA:86,0
DA:87,0
DA:94,0
DA:96,0
DA:97,0
DA:98,0
DA:99,0
DA:100,0
DA:101,0
DA:102,0
DA:104,0
DA:109,0
DA:111,0
DA:115,0
DA:116,0
DA:119,0
DA:120,0
DA:121,0
DA:122,0
DA:126,0
DA:127,0
DA:130,0
DA:131,0
DA:132,0
DA:133,0
DA:137,0
DA:138,0
DA:141,0
DA:142,0
DA:144,0
DA:145,0
DA:149,0
DA:150,0
DA:154,0
DA:155,0
DA:159,0
DA:160,0
DA:164,0
DA:165,0
DA:170,0
LF:67
LH:2
end_of_record
SF:lib/app/home/view_models/home_view_model.dart
DA:7,0
DA:8,0
DA:9,0
DA:12,0
LF:4
LH:0
end_of_record
SF:lib/app/home/views/home_view.dart
DA:12,2
DA:14,0
DA:15,0
DA:25,0
DA:27,0
DA:31,0
DA:32,0
DA:43,0
DA:46,0
DA:48,0
DA:49,0
DA:50,0
DA:51,0
DA:52,0
DA:53,0
DA:54,0
DA:60,0
DA:62,0
DA:63,0
DA:64,0
DA:65,0
DA:66,0
DA:67,0
DA:69,0
DA:71,0
DA:73,0
DA:74,0
DA:75,0
DA:78,0
DA:81,0
DA:82,0
DA:83,0
DA:84,0
DA:93,0
DA:95,0
DA:96,0
DA:107,0
DA:108,0
DA:112,0
DA:113,0
DA:114,0
DA:119,0
DA:120,0
DA:121,0
DA:123,0
DA:125,0
DA:133,0
DA:136,0
DA:140,0
DA:156,0
DA:158,0
DA:160,0
DA:161,0
DA:163,0
DA:165,0
DA:168,0
DA:169,0
DA:181,0
DA:183,0
DA:184,0
DA:185,0
DA:187,0
LF:62
LH:1
end_of_record
SF:lib/app/splash/splash_module.dart
DA:14,0
DA:15,0
DA:17,0
DA:19,0
DA:22,0
DA:24,0
DA:25,0
DA:26,0
DA:27,0
DA:28,0
DA:29,0
LF:11
LH:0
end_of_record
SF:lib/app/offers/views/offers_view.dart
DA:8,2
DA:10,0
DA:11,0
DA:42,0
DA:44,0
DA:45,0
DA:46,0
DA:47,0
DA:48,0
DA:50,0
DA:51,0
DA:56,0
DA:58,0
DA:59,0
DA:66,0
DA:67,0
DA:68,0
DA:69,0
DA:71,0
DA:72,0
DA:78,0
DA:79,0
DA:80,0
DA:81,0
DA:86,0
DA:89,0
DA:90,0
DA:92,0
DA:94,0
DA:97,0
DA:103,0
DA:104,0
DA:105,0
DA:106,0
DA:111,0
DA:114,0
DA:115,0
DA:117,0
DA:119,0
DA:127,0
DA:129,0
DA:130,0
DA:132,0
DA:141,0
DA:143,0
DA:145,0
DA:152,0
DA:153,0
DA:154,0
DA:155,0
DA:156,0
DA:157,0
DA:158,0
DA:159,0
DA:160,0
DA:162,0
DA:170,0
DA:175,0
DA:177,0
DA:192,0
DA:193,0
DA:194,0
DA:201,0
DA:202,0
DA:206,0
DA:207,0
DA:208,0
DA:209,0
DA:216,0
DA:218,0
LF:70
LH:1
end_of_record
SF:lib/app/offers/views/components/banner_widget.dart
DA:8,2
DA:10,0
DA:11,0
DA:25,0
DA:27,0
DA:28,0
DA:29,0
DA:30,0
DA:31,0
DA:32,0
DA:34,0
DA:36,0
DA:37,0
DA:38,0
DA:39,0
DA:47,0
DA:48,0
DA:49,0
DA:50,0
DA:51,0
DA:55,0
DA:56,0
DA:57,0
DA:58,0
DA:59,0
DA:61,0
DA:67,0
DA:69,0
DA:77,0
DA:79,0
DA:85,0
DA:86,0
DA:87,0
DA:88,0
DA:92,0
DA:94,0
DA:95,0
DA:96,0
DA:97,0
DA:98,0
DA:99,0
DA:101,0
DA:107,0
DA:108,0
DA:109,0
DA:116,0
DA:118,0
DA:119,0
DA:125,0
DA:126,0
DA:127,0
DA:129,0
DA:130,0
DA:131,0
DA:133,0
DA:135,0
DA:141,0
DA:143,0
DA:151,0
DA:153,0
DA:155,0
DA:156,0
DA:157,0
DA:158,0
DA:164,0
DA:166,0
DA:167,0
DA:169,0
DA:170,0
DA:171,0
DA:177,0
DA:179,0
DA:180,0
DA:188,0
DA:192,0
DA:196,0
DA:198,0
DA:206,0
DA:207,0
DA:211,0
DA:214,0
DA:215,0
DA:216,0
LF:83
LH:1
end_of_record
SF:lib/app/offers/views/components/card_widget.dart
DA:10,2
DA:16,0
DA:18,0
DA:20,0
DA:22,0
DA:23,0
DA:24,0
DA:25,0
DA:30,0
DA:34,0
DA:36,0
DA:37,0
DA:38,0
DA:40,0
DA:46,0
DA:55,0
DA:57,0
DA:58,0
DA:63,0
DA:67,0
DA:68,0
DA:80,0
DA:82,0
DA:83,0
LF:24
LH:1
end_of_record
SF:lib/app/splash/blocs/database_bloc.dart
DA:8,0
DA:9,0
DA:10,0
DA:13,0
DA:16,0
DA:27,0
DA:34,0
DA:39,0
DA:44,0
LF:9
LH:0
end_of_record
SF:lib/app/splash/views/splash_views.dart
DA:8,2
DA:10,0
DA:11,0
DA:17,0
DA:19,0
DA:20,0
DA:21,0
DA:24,0
DA:26,0
DA:27,0
DA:28,0
DA:29,0
DA:30,0
DA:31,0
DA:33,0
DA:37,0
DA:38,0
DA:39,0
LF:18
LH:1
end_of_record
