SF:lib/app/core/infra/repositories/repository.dart
DA:5,1
DA:9,1
DA:11,2
DA:15,0
DA:17,0
DA:20,0
DA:22,0
DA:25,0
DA:27,0
LF:9
LH:3
end_of_record
SF:lib/app/lyric/domain/entities/lyric_entity.dart
DA:11,0
LF:1
LH:0
end_of_record
SF:lib/app/lyric/presentation/view-models/lyrics_view_model.dart
DA:12,0
DA:14,0
DA:16,0
DA:17,0
DA:22,0
DA:23,0
DA:24,0
DA:25,0
DA:29,0
DA:31,0
DA:32,0
DA:34,0
DA:47,0
DA:52,0
DA:59,0
LF:15
LH:0
end_of_record
SF:lib/app/lyric/domain/entities/verse_entity.dart
DA:6,1
LF:1
LH:1
end_of_record
SF:lib/app/lyric/infra/adapters/verse_adapter.dart
DA:4,1
DA:5,1
DA:6,4
DA:7,1
DA:8,1
DA:12,0
DA:14,0
DA:15,0
DA:16,0
DA:17,0
DA:19,0
LF:11
LH:5
end_of_record
SF:lib/app/core/external/firestore_datasource.dart
DA:7,1
DA:13,0
DA:15,0
DA:16,0
DA:17,0
DA:19,0
DA:23,1
DA:25,2
DA:27,3
DA:28,0
DA:29,0
DA:30,0
DA:31,0
DA:32,3
DA:33,0
DA:34,0
DA:35,0
DA:36,0
DA:37,0
DA:38,0
DA:39,0
DA:41,1
DA:42,3
DA:43,1
DA:44,4
DA:45,1
DA:47,3
DA:50,0
DA:52,0
DA:53,0
DA:54,0
DA:55,0
DA:56,0
DA:62,0
DA:64,0
DA:65,0
DA:66,0
DA:67,0
DA:68,0
DA:69,0
DA:70,0
DA:72,0
DA:76,0
DA:78,0
DA:79,0
DA:80,0
DA:81,0
DA:82,0
DA:83,0
DA:84,0
DA:85,0
DA:87,0
DA:91,0
DA:93,0
LF:54
LH:11
end_of_record
SF:lib/app/lyric/presentation/blocs/lyric_bloc.dart
DA:21,1
DA:22,2
DA:23,2
DA:24,2
DA:25,2
DA:26,2
DA:27,2
DA:28,2
DA:29,2
DA:31,0
DA:32,0
DA:33,0
DA:34,0
DA:36,0
DA:38,0
DA:41,0
DA:45,1
DA:46,2
DA:47,0
DA:48,3
DA:49,0
DA:50,0
DA:51,0
DA:53,0
DA:54,0
DA:55,0
DA:56,0
DA:61,0
DA:62,0
DA:63,0
DA:64,0
DA:65,0
DA:66,0
DA:68,0
DA:69,0
DA:70,0
DA:71,0
DA:75,0
DA:76,0
DA:78,0
DA:79,0
DA:81,1
DA:82,2
DA:84,0
DA:85,0
DA:86,0
DA:94,0
DA:97,1
DA:100,1
DA:104,0
DA:107,0
DA:111,0
DA:115,0
DA:121,0
DA:128,1
DA:131,1
DA:135,0
DA:138,0
DA:142,0
DA:147,0
LF:60
LH:18
end_of_record
SF:lib/app/lyric/infra/models/hive-dtos/hive_database_configs_dto.g.dart
DA:14,0
DA:16,0
DA:17,0
DA:18,0
DA:20,0
DA:21,0
DA:22,0
DA:23,0
DA:24,0
DA:25,0
DA:26,0
DA:27,0
DA:28,0
DA:32,0
DA:35,0
DA:36,0
DA:37,0
DA:38,0
DA:39,0
DA:40,0
DA:41,0
DA:42,0
DA:43,0
DA:44,0
DA:45,0
DA:46,0
DA:47,0
DA:48,0
DA:49,0
DA:50,0
DA:51,0
DA:54,0
DA:55,0
DA:57,0
DA:60,0
DA:61,0
DA:62,0
LF:37
LH:0
end_of_record
SF:lib/app/lyric/infra/models/hive-dtos/hive_database_configs_dto.dart
DA:30,0
DA:40,0
DA:41,0
DA:42,0
DA:43,0
DA:44,0
DA:45,0
DA:46,0
DA:47,0
DA:48,0
DA:52,0
LF:11
LH:0
end_of_record
SF:lib/app/lyric/infra/use-cases/lyrics_use_cases.dart
DA:9,1
DA:11,1
DA:13,2
DA:15,1
DA:17,0
DA:20,0
DA:22,0
DA:24,0
DA:26,0
DA:29,0
DA:32,0
DA:33,0
DA:34,0
DA:35,0
DA:38,0
LF:15
LH:4
end_of_record
SF:lib/app/lyric/infra/adapters/lyric_adapter.dart
DA:8,0
DA:9,0
DA:10,0
DA:11,0
DA:12,0
DA:13,0
DA:14,0
DA:15,0
DA:16,0
DA:17,0
DA:18,0
DA:19,0
DA:20,0
DA:21,0
DA:22,0
DA:23,0
LF:16
LH:0
end_of_record
